Arguments: 
  /home/tricked/.nvm/versions/node/v14.17.3/bin/node /home/tricked/.nvm/versions/node/v14.17.3/bin/yarn add @discord.js/types

PATH: 
  /home/tricked/.local/bin:/home/tricked/.yarn/bin:/home/tricked/Android/Sdk/build-tools/30.0.3:/home/tricked/coding/jadx/build/jadx/bin:/home/tricked/.bin:/opt/DataGrip-212.4416.10/bin:/opt/idea-IU-212.4535.15/bin:/home/tricked/.deno/bin:/home/tricked/coding/flutter/bin:/home/tricked/.local/bin:/home/tricked/.nvm/versions/node/v14.17.3/bin:/home/tricked/.cargo/bin:/home/tricked/.yarn/bin:/home/tricked/Android/Sdk/build-tools/30.0.3:/home/tricked/coding/jadx/build/jadx/bin:/home/tricked/.bin:/opt/DataGrip-212.4416.10/bin:/opt/idea-IU-212.4535.15/bin:/home/tricked/.deno/bin:/home/tricked/coding/flutter/bin:/usr/local/sbin:/usr/local/bin:/usr/sbin:/usr/bin:/sbin:/bin:/usr/games:/usr/local/games:/snap/bin:/bin:/usr/local/go/bin:/home/tricked/.zsh/colorize/bin:/bin:/usr/local/go/bin:/home/tricked/.zsh/colorize/bin

Yarn version: 
  1.22.10

Node version: 
  14.17.3

Platform: 
  linux x64

Trace: 
  Error: https://registry.yarnpkg.com/@discord.js%2ftypes: Not found
      at Request.params.callback [as _callback] (/home/tricked/.nvm/versions/node/v14.17.3/lib/node_modules/yarn/lib/cli.js:66988:18)
      at Request.self.callback (/home/tricked/.nvm/versions/node/v14.17.3/lib/node_modules/yarn/lib/cli.js:140662:22)
      at Request.emit (events.js:375:28)
      at Request.<anonymous> (/home/tricked/.nvm/versions/node/v14.17.3/lib/node_modules/yarn/lib/cli.js:141634:10)
      at Request.emit (events.js:375:28)
      at IncomingMessage.<anonymous> (/home/tricked/.nvm/versions/node/v14.17.3/lib/node_modules/yarn/lib/cli.js:141556:12)
      at Object.onceWrapper (events.js:481:28)
      at IncomingMessage.emit (events.js:387:35)
      at endReadableNT (internal/streams/readable.js:1317:12)
      at processTicksAndRejections (internal/process/task_queues.js:82:21)

npm manifest: 
  {
  	"name": "chat-bridger",
  	"version": "1.0.0",
  	"main": "dist/index.js",
  	"author": "Tricked",
  	"type": "module",
  	"private": true,
  	"license": "BSD 3-Clause",
  	"scripts": {
  		"build": "yarn tsc",
  		"start": "yarn build && node -r dotenv/config dist/index.js"
  	},
  	"dependencies": {
  		"@prisma/client": "3.1.1",
  		"detritus-client-socket": "https://github.com/detritusjs/client-socket",
  		"dotenv": "^10.0.0",
  		"node-fetch": "^3.0.0"
  	},
  	"devDependencies": {
  		"prettier": "^2.4.1",
  		"prisma": "3.1.1",
  		"typescript": "^4.4.3"
  	}
  }

yarn manifest: 
  No manifest

Lockfile: 
  # THIS IS AN AUTOGENERATED FILE. DO NOT EDIT THIS FILE DIRECTLY.
  # yarn lockfile v1
  
  
  "@prisma/client@3.1.1":
    version "3.1.1"
    resolved "https://registry.yarnpkg.com/@prisma/client/-/client-3.1.1.tgz#f4012631528049c22d12b212846dcf503db33cfe"
    integrity sha512-8ud8vVFMIg37yrkZ4wPpjKoMxFbCL0Pesq5eyLnag/s0LTKsVEN7ZBIQq9JzWW+AUqOzGKXr2Jt4Sl8xdGI99w==
    dependencies:
      "@prisma/engines-version" "3.1.0-24.c22652b7e418506fab23052d569b85d3aec4883f"
  
  "@prisma/engines-version@3.1.0-24.c22652b7e418506fab23052d569b85d3aec4883f":
    version "3.1.0-24.c22652b7e418506fab23052d569b85d3aec4883f"
    resolved "https://registry.yarnpkg.com/@prisma/engines-version/-/engines-version-3.1.0-24.c22652b7e418506fab23052d569b85d3aec4883f.tgz#f9908eb7808f2a546634398063942eaecb2474ef"
    integrity sha512-EuEMKLuwIcBO7uInZQHeG1yaywcfl32Tq8TDf5tgLvblk+ka70sej7S67lh3BV5gXMLTc3GdthSHPfDqZEK5uA==
  
  "@prisma/engines@3.1.0-24.c22652b7e418506fab23052d569b85d3aec4883f":
    version "3.1.0-24.c22652b7e418506fab23052d569b85d3aec4883f"
    resolved "https://registry.yarnpkg.com/@prisma/engines/-/engines-3.1.0-24.c22652b7e418506fab23052d569b85d3aec4883f.tgz#7b45708e6a42523dc9bc2214e5c62781f608dc3a"
    integrity sha512-6NEp0VlLho3hVtIvj2P4h0e19AYqQSXtFGts8gSIXDnV+l5pRFZaDMfGo2RiLMR0Kfrs8c3ZYxYX0sWmVL0tWw==
  
  "@types/node@^14.17.1":
    version "14.17.18"
    resolved "https://registry.yarnpkg.com/@types/node/-/node-14.17.18.tgz#0198489a751005f71217744aa966cd1f29447c81"
    integrity sha512-haYyibw4pbteEhkSg0xdDLAI3679L75EJ799ymVrPxOA922bPx3ML59SoDsQ//rHlvqpu+e36kcbR3XRQtFblA==
  
  data-uri-to-buffer@^3.0.1:
    version "3.0.1"
    resolved "https://registry.yarnpkg.com/data-uri-to-buffer/-/data-uri-to-buffer-3.0.1.tgz#594b8973938c5bc2c33046535785341abc4f3636"
    integrity sha512-WboRycPNsVw3B3TL559F7kuBUM4d8CgMEvk6xEJlOp7OBPjt6G7z8WMWlD2rOFZLk6OYfFIUGsCOWzcQH9K2og==
  
  "detritus-client-socket@https://github.com/detritusjs/client-socket":
    version "0.8.3"
    resolved "https://github.com/detritusjs/client-socket#62febb88a39745f6bc89059a3f5977c385e318b7"
    dependencies:
      "@types/node" "^14.17.1"
      detritus-utils "^0.4.0"
      ws "^7.4.6"
  
  detritus-utils@^0.4.0:
    version "0.4.0"
    resolved "https://registry.yarnpkg.com/detritus-utils/-/detritus-utils-0.4.0.tgz#42c01e029bd716c5be30a82ee4c621136f64ef35"
    integrity sha512-XO9crk1eCOecajzOg4WMsvcgXV/3GAltV0nt+kXXmglwcKyh/5DpQ7jmQ/2HycEN0dGBdgLCLPzYMxrWPN9gpw==
  
  dotenv@^10.0.0:
    version "10.0.0"
    resolved "https://registry.yarnpkg.com/dotenv/-/dotenv-10.0.0.tgz#3d4227b8fb95f81096cdd2b66653fb2c7085ba81"
    integrity sha512-rlBi9d8jpv9Sf1klPjNfFAuWDjKLwTIJJ/VxtoTwIR6hnZxcEOQCZg2oIL3MWBYw5GpUDKOEnND7LXTbIpQ03Q==
  
  fetch-blob@^3.1.2:
    version "3.1.2"
    resolved "https://registry.yarnpkg.com/fetch-blob/-/fetch-blob-3.1.2.tgz#6bc438675f3851ecea51758ac91f6a1cd1bacabd"
    integrity sha512-hunJbvy/6OLjCD0uuhLdp0mMPzP/yd2ssd1t2FCJsaA7wkWhpbp9xfuNVpv7Ll4jFhzp6T4LAupSiV9uOeg0VQ==
    dependencies:
      web-streams-polyfill "^3.0.3"
  
  node-fetch@^3.0.0:
    version "3.0.0"
    resolved "https://registry.yarnpkg.com/node-fetch/-/node-fetch-3.0.0.tgz#79da7146a520036f2c5f644e4a26095f17e411ea"
    integrity sha512-bKMI+C7/T/SPU1lKnbQbwxptpCrG9ashG+VkytmXCPZyuM9jB6VU+hY0oi4lC8LxTtAeWdckNCTa3nrGsAdA3Q==
    dependencies:
      data-uri-to-buffer "^3.0.1"
      fetch-blob "^3.1.2"
  
  prettier@^2.4.1:
    version "2.4.1"
    resolved "https://registry.yarnpkg.com/prettier/-/prettier-2.4.1.tgz#671e11c89c14a4cfc876ce564106c4a6726c9f5c"
    integrity sha512-9fbDAXSBcc6Bs1mZrDYb3XKzDLm4EXXL9sC1LqKP5rZkT6KRr/rf9amVUcODVXgguK/isJz0d0hP72WeaKWsvA==
  
  prisma@3.1.1:
    version "3.1.1"
    resolved "https://registry.yarnpkg.com/prisma/-/prisma-3.1.1.tgz#4c13c35dd3a58af9134008c8ed0fdc21a632802c"
    integrity sha512-+eZtWIL6hnOKUOvqq9WLBzSw2d/EbTmOx1Td1LI8/0XE40ctXMLG2N1p6NK5/+yivGaoNJ9PDpPsPL9lO4nJrQ==
    dependencies:
      "@prisma/engines" "3.1.0-24.c22652b7e418506fab23052d569b85d3aec4883f"
  
  typescript@^4.4.3:
    version "4.4.3"
    resolved "https://registry.yarnpkg.com/typescript/-/typescript-4.4.3.tgz#bdc5407caa2b109efd4f82fe130656f977a29324"
    integrity sha512-4xfscpisVgqqDfPaJo5vkd+Qd/ItkoagnHpufr+i2QCHBsNYp+G7UAoyFl8aPtx879u38wPV65rZ8qbGZijalA==
  
  web-streams-polyfill@^3.0.3:
    version "3.1.1"
    resolved "https://registry.yarnpkg.com/web-streams-polyfill/-/web-streams-polyfill-3.1.1.tgz#1516f2d4ea8f1bdbfed15eb65cb2df87098c8364"
    integrity sha512-Czi3fG883e96T4DLEPRvufrF2ydhOOW1+1a6c3gNjH2aIh50DNFBdfwh2AKoOf1rXvpvavAoA11Qdq9+BKjE0Q==
  
  ws@^7.4.6:
    version "7.5.5"
    resolved "https://registry.yarnpkg.com/ws/-/ws-7.5.5.tgz#8b4bc4af518cfabd0473ae4f99144287b33eb881"
    integrity sha512-BAkMFcAzl8as1G/hArkxOxq3G7pjUqQ3gzYbLL0/5zNkph70e+lCoxBGnm6AW1+/aiNeV4fnKqZ8m4GZewmH2w==
